<?xml version="1.0" encoding="UTF-8"?>
<!-- Generated by org.testng.reporters.JUnitXMLReporter -->
<testsuite ignored="3" hostname="DESKTOP-0VPN8JH" failures="1" tests="1" name="SeleniumFramework" time="81.215" errors="0" timestamp="2025-04-01T02:20:14 IST">
  <testcase classname="qa.test.Testcase1" name="addItem" time="75.611">
    <failure type="java.lang.IndexOutOfBoundsException" message="Index 5 out of bounds for length 0">
      <![CDATA[java.lang.IndexOutOfBoundsException: Index 5 out of bounds for length 0
at java.base/jdk.internal.util.Preconditions.outOfBounds(Preconditions.java:100)
at java.base/jdk.internal.util.Preconditions.outOfBoundsCheckIndex(Preconditions.java:106)
at java.base/jdk.internal.util.Preconditions.checkIndex(Preconditions.java:302)
at java.base/java.util.Objects.checkIndex(Objects.java:385)
at java.base/java.util.ArrayList.get(ArrayList.java:427)
at pageEvents.ProductpageEvents.checkout(ProductpageEvents.java:50)
at qa.test.Testcase1.addItem(Testcase1.java:48)
at java.base/java.util.ArrayList.forEach(ArrayList.java:1596)
at com.intellij.rt.testng.IDEARemoteTestNG.run(IDEARemoteTestNG.java:65)
at com.intellij.rt.testng.RemoteTestNGStarter.main(RemoteTestNGStarter.java:105)
... Removed 22 stack frames]]>
    </failure>
  </testcase> <!-- addItem -->
  <testcase classname="qa.test.Testcase1" name="run3" time="0.0">
    <ignored/>
  </testcase> <!-- run3 -->
  <testcase classname="qa.test.Testcase1" name="run1" time="0.0">
    <ignored/>
  </testcase> <!-- run1 -->
  <testcase classname="qa.test.Testcase1" name="run2" time="0.0">
    <ignored/>
  </testcase> <!-- run2 -->
</testsuite> <!-- SeleniumFramework -->
